<?xml version="1.0" encoding="UTF-8"?>
<!-- Generated by org.testng.reporters.JUnitReportReporter -->
<testsuite hostname="DESKTOP-5T7J85C" failures="0" tests="2" name="login_flow.test" time="8.288" errors="0" timestamp="22 Apr 2024 11:48:01 GMT" skipped="1">
  <testcase classname="login_flow.test" name="testElementPresence" time="8.288"/>
  <testcase classname="login_flow.test" name="demoTest">
    <skipped/>
  </testcase> <!-- demoTest -->
</testsuite> <!-- login_flow.test -->
