<?xml version="1.0" encoding="UTF-8"?>
<!-- Generated by org.testng.reporters.JUnitReportReporter -->
<testsuite hostname="DESKTOP-5T7J85C" failures="0" tests="1" name="my_Stats.my_Stats_UI$test" time="11.382" errors="0" timestamp="22 Apr 2024 12:14:46 GMT" skipped="0">
  <testcase classname="my_Stats.my_Stats_UI$test" name="myStats" time="11.382"/>
</testsuite> <!-- my_Stats.my_Stats_UI$test -->
